
date： 2022/03/13 19:27:35.492
level： Error
logger： Microsoft.AspNetCore.Diagnostics.DeveloperExceptionPageMiddleware
machinename： HUNTER 
clientip：192.168.3.41
message： An unhandled exception has occurred while executing the request. 
exception：Object reference not set to an instance of an object. 
appdomain： 0001:MountainWMS
assembly-version： 1.0.0.0
basedir： D:\Github\MountainWMS\MountainWMS\bin\Debug\net6.0\ 
callsite： Microsoft.AspNetCore.Diagnostics.DiagnosticsLoggerExtensions.UnhandledException
callsite-linenumber： 0
counter： 47
nlogdir： D:\Github\MountainWMS\MountainWMS\bin\Debug\net6.0 
processid： 2388
processname： iisexpress 
traceid： 00-7f542b93b66427844a0f011347210955-ebf3a61d4256b05d-00 
specialfolder： C:\Users\i\Desktop 
stacktrace: AsyncMethodBuilderCore.Start => <Invoke>d__9.MoveNext => DiagnosticsLoggerExtensions.UnhandledException
-----------------------------------------------------------
