
date： 2022/03/19 14:24:51.161
level： Error
logger： Microsoft.AspNetCore.Diagnostics.DeveloperExceptionPageMiddleware
machinename： HUNTER 
clientip：192.168.3.41
message： An unhandled exception has occurred while executing the request. 
exception：The model item passed into the ViewDataDictionary is of type 'System.Collections.Generic.List`1[M.Core.Dto.RoleMenuAuthDto]', but this ViewDataDictionary instance requires a model item of type 'M.Core.Dto.RoleMenuDto'. 
appdomain： 0001:MountainWMS
assembly-version： 1.0.0.0
basedir： D:\Github\MountainWMS\MountainWMS\bin\Debug\net6.0\ 
callsite： Microsoft.AspNetCore.Diagnostics.DiagnosticsLoggerExtensions.UnhandledException
callsite-linenumber： 0
counter： 39
nlogdir： D:\Github\MountainWMS\MountainWMS\bin\Debug\net6.0 
processid： 11808
processname： iisexpress 
traceid： 00-819849702b27c7b83c051b7470a50cde-10a7e1c4a23c4e68-00 
specialfolder： C:\Users\i\Desktop 
stacktrace: AsyncMethodBuilderCore.Start => <Invoke>d__9.MoveNext => DiagnosticsLoggerExtensions.UnhandledException
-----------------------------------------------------------

date： 2022/03/19 14:44:27.450
level： Error
logger： Microsoft.AspNetCore.Diagnostics.DeveloperExceptionPageMiddleware
machinename： HUNTER 
clientip：192.168.3.41
message： An unhandled exception has occurred while executing the request. 
exception：Object reference not set to an instance of an object. 
appdomain： 0001:MountainWMS
assembly-version： 1.0.0.0
basedir： D:\Github\MountainWMS\MountainWMS\bin\Debug\net6.0\ 
callsite： Microsoft.AspNetCore.Diagnostics.DiagnosticsLoggerExtensions.UnhandledException
callsite-linenumber： 0
counter： 188
nlogdir： D:\Github\MountainWMS\MountainWMS\bin\Debug\net6.0 
processid： 10052
processname： iisexpress 
traceid： 00-961c93e89d5c327c039a2e830086a837-9dd08d466ce3ca23-00 
specialfolder： C:\Users\i\Desktop 
stacktrace: AsyncMethodBuilderCore.Start => <Invoke>d__9.MoveNext => DiagnosticsLoggerExtensions.UnhandledException
-----------------------------------------------------------

date： 2022/03/19 14:45:33.629
level： Error
logger： Microsoft.AspNetCore.Diagnostics.DeveloperExceptionPageMiddleware
machinename： HUNTER 
clientip：192.168.3.41
message： An unhandled exception has occurred while executing the request. 
exception：Object reference not set to an instance of an object. 
appdomain： 0001:MountainWMS
assembly-version： 1.0.0.0
basedir： D:\Github\MountainWMS\MountainWMS\bin\Debug\net6.0\ 
callsite： Microsoft.AspNetCore.Diagnostics.DiagnosticsLoggerExtensions.UnhandledException
callsite-linenumber： 0
counter： 217
nlogdir： D:\Github\MountainWMS\MountainWMS\bin\Debug\net6.0 
processid： 10052
processname： iisexpress 
traceid： 00-94436580ea0fa6541e27171983c21885-86284691f62edf13-00 
specialfolder： C:\Users\i\Desktop 
stacktrace: AsyncMethodBuilderCore.Start => <Invoke>d__9.MoveNext => DiagnosticsLoggerExtensions.UnhandledException
-----------------------------------------------------------
