
date： 2022/03/04 10:01:21.611
level： Debug
logger： YL.Utils.Log.NlogUtil
machinename： HUNTER 
clientip：192.168.1.118
message： /Role/Add 
exception：中文提示 : 实体与表映射出错。从数据类型 nvarchar 转换为 bigint 时出错。
English Message : Entity mapping error.从数据类型 nvarchar 转换为 bigint 时出错。 
appdomain： 0001:KopSoftWms
assembly-version： 1.0.0.0
basedir： D:\Github\KopSoftWms\src\KopSoftWms\bin\Debug\net6.0\ 
callsite： YL.Utils.Log.NlogUtil.Debug
callsite-linenumber： 17
counter： 134
nlogdir： D:\Github\KopSoftWms\src\KopSoftWms\bin\Debug\net6.0 
processid： 14548
processname： iisexpress 
traceid： 00-25638d288fed913a1b542002b43aee67-93641517e638aed8-00 
specialfolder： C:\Users\i\Desktop 
stacktrace: ExceptionFilterAttribute.OnExceptionAsync => BaseExceptionAttribute.OnException => NlogUtil.Debug
-----------------------------------------------------------

date： 2022/03/04 19:37:20.292
level： Debug
logger： YL.Utils.Log.NlogUtil
machinename： HUNTER 
clientip：192.168.3.41
message： /Home/Index 
exception：中文提示 :  连接数据库过程中发生错误，检查服务器是否正常连接字符串是否正确，实在找不到原因请先Google错误信息：A network-related or instance-specific error occurred while establishing a connection to SQL Server. The server was not found or was not accessible. Verify that the instance name is correct and that SQL Server is configured to allow remote connections. (provider: Named Pipes Provider, error: 40 - Could not open a connection to SQL Server).
English Message : Connection open error . A network-related or instance-specific error occurred while establishing a connection to SQL Server. The server was not found or was not accessible. Verify that the instance name is correct and that SQL Server is configured to allow remote connections. (provider: Named Pipes Provider, error: 40 - Could not open a connection to SQL Server) 
appdomain： 0001:KopSoftWms
assembly-version： 1.0.0.0
basedir： D:\Github\KopSoftWms\src\KopSoftWms\bin\Debug\net6.0\ 
callsite： YL.Utils.Log.NlogUtil.Debug
callsite-linenumber： 17
counter： 9
nlogdir： D:\Github\KopSoftWms\src\KopSoftWms\bin\Debug\net6.0 
processid： 3936
processname： iisexpress 
traceid： 00-495ad4ae7c831db0de89d272e7fae934-4563fb65e058191b-00 
specialfolder： C:\Users\i\Desktop 
stacktrace: ExceptionFilterAttribute.OnExceptionAsync => BaseExceptionAttribute.OnException => NlogUtil.Debug
-----------------------------------------------------------
